2021-12-20 01:59:11 - INFO - "GET / HTTP/1.1" 200 1219
2021-12-20 01:59:11 - INFO - "GET /static/style.css HTTP/1.1" 200 648
2021-12-20 01:59:11 - INFO - "GET /favicon.ico HTTP/1.1" 200 1739
2021-12-20 07:37:39 - WARNING - Python-dotenv could not parse statement starting at line 19
2021-12-20 07:37:39 - WARNING - Python-dotenv could not parse statement starting at line 21
2021-12-20 07:37:39 - WARNING - Python-dotenv could not parse statement starting at line 22
2021-12-20 07:37:39 - WARNING - Python-dotenv could not parse statement starting at line 23
2021-12-20 07:37:39 - WARNING - Python-dotenv could not parse statement starting at line 24
2021-12-20 07:37:39 - WARNING - Python-dotenv could not parse statement starting at line 25
2021-12-20 07:37:39 - WARNING - Python-dotenv could not parse statement starting at line 26
2021-12-20 07:54:57 - WARNING - Python-dotenv could not parse statement starting at line 19
2021-12-20 07:54:57 - WARNING - Python-dotenv could not parse statement starting at line 21
2021-12-20 07:54:57 - WARNING - Python-dotenv could not parse statement starting at line 22
2021-12-20 07:54:57 - WARNING - Python-dotenv could not parse statement starting at line 23
2021-12-20 07:54:57 - WARNING - Python-dotenv could not parse statement starting at line 24
2021-12-20 07:54:57 - WARNING - Python-dotenv could not parse statement starting at line 25
2021-12-20 07:54:57 - WARNING - Python-dotenv could not parse statement starting at line 26
2021-12-20 19:56:39 - WARNING - Python-dotenv could not parse statement starting at line 19
2021-12-20 19:56:39 - WARNING - Python-dotenv could not parse statement starting at line 21
2021-12-20 19:56:39 - WARNING - Python-dotenv could not parse statement starting at line 22
2021-12-20 19:56:39 - WARNING - Python-dotenv could not parse statement starting at line 23
2021-12-20 19:56:39 - WARNING - Python-dotenv could not parse statement starting at line 24
2021-12-20 19:56:39 - WARNING - Python-dotenv could not parse statement starting at line 25
2021-12-20 19:56:39 - WARNING - Python-dotenv could not parse statement starting at line 26
2021-12-20 19:56:39 - INFO - "GET /bills HTTP/1.1" 200 744
2021-12-20 19:56:39 - INFO - "GET /bills/3 HTTP/1.1" 200 187
2021-12-20 19:56:39 - INFO - "GET /bills/ HTTP/1.1" 200 744
2021-12-20 20:10:01 - WARNING - Python-dotenv could not parse statement starting at line 19
2021-12-20 20:10:01 - WARNING - Python-dotenv could not parse statement starting at line 21
2021-12-20 20:10:01 - WARNING - Python-dotenv could not parse statement starting at line 22
2021-12-20 20:10:01 - WARNING - Python-dotenv could not parse statement starting at line 23
2021-12-20 20:10:01 - WARNING - Python-dotenv could not parse statement starting at line 24
2021-12-20 20:10:01 - WARNING - Python-dotenv could not parse statement starting at line 25
2021-12-20 20:10:01 - WARNING - Python-dotenv could not parse statement starting at line 26
2021-12-20 20:10:01 - INFO - "GET /bills HTTP/1.1" 200 744
2021-12-20 20:10:01 - INFO - "GET /bills HTTP/1.1" 200 744
2021-12-20 20:10:01 - INFO - "POST /bills HTTP/1.1" 200 193
2021-12-20 20:10:01 - INFO - "GET /bills HTTP/1.1" 200 939
2021-12-20 20:16:44 - WARNING - Python-dotenv could not parse statement starting at line 19
2021-12-20 20:16:44 - WARNING - Python-dotenv could not parse statement starting at line 21
2021-12-20 20:16:44 - WARNING - Python-dotenv could not parse statement starting at line 22
2021-12-20 20:16:44 - WARNING - Python-dotenv could not parse statement starting at line 23
2021-12-20 20:16:44 - WARNING - Python-dotenv could not parse statement starting at line 24
2021-12-20 20:16:44 - WARNING - Python-dotenv could not parse statement starting at line 25
2021-12-20 20:16:44 - WARNING - Python-dotenv could not parse statement starting at line 26
2021-12-20 20:16:44 - INFO - "GET /bills/5 HTTP/1.1" 200 193
2021-12-20 20:17:17 - ERROR - ResponseError in 0 on line 0
2021-12-20 20:19:00 - ERROR - ResponseError in 0 on line 0
2021-12-20 20:19:43 - WARNING - Python-dotenv could not parse statement starting at line 19
2021-12-20 20:19:43 - WARNING - Python-dotenv could not parse statement starting at line 21
2021-12-20 20:19:43 - WARNING - Python-dotenv could not parse statement starting at line 22
2021-12-20 20:19:43 - WARNING - Python-dotenv could not parse statement starting at line 23
2021-12-20 20:19:43 - WARNING - Python-dotenv could not parse statement starting at line 24
2021-12-20 20:19:43 - WARNING - Python-dotenv could not parse statement starting at line 25
2021-12-20 20:19:43 - WARNING - Python-dotenv could not parse statement starting at line 26
2021-12-20 20:19:43 - INFO - "GET /bills/5 HTTP/1.1" 200 193
2021-12-20 20:19:43 - INFO - "PUT /bills/5 HTTP/1.1" 200 199
2021-12-20 20:19:43 - INFO - "GET /bills/ HTTP/1.1" 200 943
2021-12-20 20:24:06 - WARNING - Python-dotenv could not parse statement starting at line 19
2021-12-20 20:24:06 - WARNING - Python-dotenv could not parse statement starting at line 21
2021-12-20 20:24:06 - WARNING - Python-dotenv could not parse statement starting at line 22
2021-12-20 20:24:06 - WARNING - Python-dotenv could not parse statement starting at line 23
2021-12-20 20:24:06 - WARNING - Python-dotenv could not parse statement starting at line 24
2021-12-20 20:24:06 - WARNING - Python-dotenv could not parse statement starting at line 25
2021-12-20 20:24:06 - WARNING - Python-dotenv could not parse statement starting at line 26
2021-12-20 20:24:06 - INFO - "GET /bills/5 HTTP/1.1" 200 197
2021-12-20 20:24:06 - INFO - "DELETE /bills/5 HTTP/1.1" 200 199
2021-12-20 20:24:06 - INFO - "GET /bills/ HTTP/1.1" 200 744
